<?xml version="1.0" encoding="UTF-8"?>
<!-- Generated by org.testng.reporters.JUnitXMLReporter -->
<testsuite hostname="Dappy-PC" name="Test" tests="6" failures="0" timestamp="22 Jul 2017 10:59:08 GMT" time="129.12" errors="0">
  <testcase name="SignIn_TC01" time="6.858" classname="com.BSNL.WebUI.test.login.SignInTC01"/>
  <testcase name="SignIn_TC02" time="9.529" classname="com.BSNL.WebUI.test.login.SignInTC02"/>
  <testcase name="SignIn_TC03" time="10.999" classname="com.BSNL.WebUI.test.login.SignInTC03"/>
  <testcase name="SignIn_TC04" time="11.592" classname="com.BSNL.WebUI.test.login.SignInTC04"/>
  <testcase name="SignIn_TC05" time="12.159" classname="com.BSNL.WebUI.test.login.SignInTC05"/>
  <testcase name="SignIn_TC06" time="40.624" classname="com.BSNL.WebUI.test.login.SignInTC06"/>
</testsuite> <!-- Test -->
